{"C:\\Users\\makarthikreddy\\OneDrive - ALLEGIS GROUP\\Desktop\\Task-Manger-main\\backend\\src\\app.js": {"path":"C:\\Users\\makarthikreddy\\OneDrive - ALLEGIS GROUP\\Desktop\\Task-Manger-main\\backend\\src\\app.js","statementMap":{"0":{"start":{"line":1,"column":16},"end":{"line":1,"column":34}},"1":{"start":{"line":2,"column":15},"end":{"line":2,"column":32}},"2":{"start":{"line":3,"column":13},"end":{"line":3,"column":28}},"3":{"start":{"line":4,"column":15},"end":{"line":4,"column":32}},"4":{"start":{"line":6,"column":19},"end":{"line":6,"column":50}},"5":{"start":{"line":7,"column":19},"end":{"line":7,"column":50}},"6":{"start":{"line":8,"column":24},"end":{"line":8,"column":64}},"7":{"start":{"line":10,"column":12},"end":{"line":10,"column":21}},"8":{"start":{"line":12,"column":0},"end":{"line":12,"column":18}},"9":{"start":{"line":13,"column":0},"end":{"line":13,"column":16}},"10":{"start":{"line":14,"column":0},"end":{"line":14,"column":23}},"11":{"start":{"line":15,"column":0},"end":{"line":15,"column":24}},"12":{"start":{"line":17,"column":0},"end":{"line":17,"column":33}},"13":{"start":{"line":18,"column":0},"end":{"line":18,"column":34}},"14":{"start":{"line":20,"column":0},"end":{"line":20,"column":25}},"15":{"start":{"line":22,"column":0},"end":{"line":22,"column":21}}},"fnMap":{},"branchMap":{},"s":{"0":1,"1":1,"2":1,"3":1,"4":1,"5":1,"6":1,"7":1,"8":1,"9":1,"10":1,"11":1,"12":1,"13":1,"14":1,"15":1},"f":{},"b":{},"_coverageSchema":"1a1c01bbd47fc00a2c39e90264f33305004495a9","hash":"b4c8403a47a60a4e2acec5972a407dd2f2838561"}
,"C:\\Users\\makarthikreddy\\OneDrive - ALLEGIS GROUP\\Desktop\\Task-Manger-main\\backend\\src\\config\\agenda.js": {"path":"C:\\Users\\makarthikreddy\\OneDrive - ALLEGIS GROUP\\Desktop\\Task-Manger-main\\backend\\src\\config\\agenda.js","statementMap":{"0":{"start":{"line":2,"column":15},"end":{"line":2,"column":32}},"1":{"start":{"line":4,"column":15},"end":{"line":15,"column":2}},"2":{"start":{"line":17,"column":0},"end":{"line":17,"column":24}}},"fnMap":{},"branchMap":{},"s":{"0":13,"1":13,"2":13},"f":{},"b":{},"_coverageSchema":"1a1c01bbd47fc00a2c39e90264f33305004495a9","hash":"ed1d5098169ce04ea81573020a52472f6f2b4774"}
,"C:\\Users\\makarthikreddy\\OneDrive - ALLEGIS GROUP\\Desktop\\Task-Manger-main\\backend\\src\\config\\logger.js": {"path":"C:\\Users\\makarthikreddy\\OneDrive - ALLEGIS GROUP\\Desktop\\Task-Manger-main\\backend\\src\\config\\logger.js","statementMap":{"0":{"start":{"line":1,"column":45},"end":{"line":1,"column":63}},"1":{"start":{"line":2,"column":11},"end":{"line":2,"column":24}},"2":{"start":{"line":3,"column":13},"end":{"line":3,"column":28}},"3":{"start":{"line":5,"column":15},"end":{"line":5,"column":49}},"4":{"start":{"line":6,"column":0},"end":{"line":8,"column":1}},"5":{"start":{"line":7,"column":2},"end":{"line":7,"column":44}},"6":{"start":{"line":10,"column":0},"end":{"line":30,"column":3}},"7":{"start":{"line":22,"column":24},"end":{"line":22,"column":82}},"8":{"start":{"line":23,"column":10},"end":{"line":23,"column":63}}},"fnMap":{"0":{"name":"(anonymous_0)","decl":{"start":{"line":21,"column":22},"end":{"line":21,"column":23}},"loc":{"start":{"line":21,"column":66},"end":{"line":24,"column":9}},"line":21}},"branchMap":{"0":{"loc":{"start":{"line":6,"column":0},"end":{"line":8,"column":1}},"type":"if","locations":[{"start":{"line":6,"column":0},"end":{"line":8,"column":1}},{"start":{},"end":{}}],"line":6},"1":{"loc":{"start":{"line":22,"column":24},"end":{"line":22,"column":82}},"type":"cond-expr","locations":[{"start":{"line":22,"column":51},"end":{"line":22,"column":77}},{"start":{"line":22,"column":80},"end":{"line":22,"column":82}}],"line":22}},"s":{"0":6,"1":6,"2":6,"3":6,"4":6,"5":0,"6":6,"7":87,"8":87},"f":{"0":87},"b":{"0":[0,6],"1":[81,6]},"_coverageSchema":"1a1c01bbd47fc00a2c39e90264f33305004495a9","hash":"0aca375e1d7b409a7529c3da1380a053d3f840fb"}
,"C:\\Users\\makarthikreddy\\OneDrive - ALLEGIS GROUP\\Desktop\\Task-Manger-main\\backend\\src\\controllers\\analytics.controller.js": {"path":"C:\\Users\\makarthikreddy\\OneDrive - ALLEGIS GROUP\\Desktop\\Task-Manger-main\\backend\\src\\controllers\\analytics.controller.js","statementMap":{"0":{"start":{"line":1,"column":25},"end":{"line":1,"column":65}},"1":{"start":{"line":2,"column":15},"end":{"line":2,"column":42}},"2":{"start":{"line":4,"column":0},"end":{"line":13,"column":2}},"3":{"start":{"line":5,"column":2},"end":{"line":12,"column":3}},"4":{"start":{"line":6,"column":4},"end":{"line":6,"column":74}},"5":{"start":{"line":7,"column":17},"end":{"line":7,"column":65}},"6":{"start":{"line":8,"column":4},"end":{"line":8,"column":19}},"7":{"start":{"line":10,"column":4},"end":{"line":10,"column":54}},"8":{"start":{"line":11,"column":4},"end":{"line":11,"column":14}}},"fnMap":{"0":{"name":"(anonymous_0)","decl":{"start":{"line":4,"column":23},"end":{"line":4,"column":24}},"loc":{"start":{"line":4,"column":49},"end":{"line":13,"column":1}},"line":4}},"branchMap":{},"s":{"0":2,"1":2,"2":2,"3":2,"4":2,"5":2,"6":1,"7":1,"8":1},"f":{"0":2},"b":{},"_coverageSchema":"1a1c01bbd47fc00a2c39e90264f33305004495a9","hash":"2e297ca5b9b514c1339766a67736693b1aa30480"}
,"C:\\Users\\makarthikreddy\\OneDrive - ALLEGIS GROUP\\Desktop\\Task-Manger-main\\backend\\src\\controllers\\auth.controller.js": {"path":"C:\\Users\\makarthikreddy\\OneDrive - ALLEGIS GROUP\\Desktop\\Task-Manger-main\\backend\\src\\controllers\\auth.controller.js","statementMap":{"0":{"start":{"line":1,"column":20},"end":{"line":1,"column":55}},"1":{"start":{"line":2,"column":15},"end":{"line":2,"column":42}},"2":{"start":{"line":3,"column":17},"end":{"line":3,"column":45}},"3":{"start":{"line":5,"column":0},"end":{"line":15,"column":2}},"4":{"start":{"line":6,"column":2},"end":{"line":6,"column":78}},"5":{"start":{"line":7,"column":2},"end":{"line":14,"column":3}},"6":{"start":{"line":8,"column":17},"end":{"line":8,"column":53}},"7":{"start":{"line":9,"column":4},"end":{"line":9,"column":75}},"8":{"start":{"line":10,"column":4},"end":{"line":10,"column":103}},"9":{"start":{"line":12,"column":4},"end":{"line":12,"column":77}},"10":{"start":{"line":13,"column":4},"end":{"line":13,"column":14}},"11":{"start":{"line":17,"column":0},"end":{"line":32,"column":2}},"12":{"start":{"line":18,"column":2},"end":{"line":18,"column":75}},"13":{"start":{"line":19,"column":2},"end":{"line":31,"column":3}},"14":{"start":{"line":20,"column":19},"end":{"line":20,"column":77}},"15":{"start":{"line":21,"column":4},"end":{"line":21,"column":78}},"16":{"start":{"line":22,"column":4},"end":{"line":27,"column":7}},"17":{"start":{"line":29,"column":4},"end":{"line":29,"column":74}},"18":{"start":{"line":30,"column":4},"end":{"line":30,"column":14}},"19":{"start":{"line":34,"column":0},"end":{"line":46,"column":2}},"20":{"start":{"line":35,"column":2},"end":{"line":35,"column":50}},"21":{"start":{"line":36,"column":2},"end":{"line":45,"column":3}},"22":{"start":{"line":37,"column":29},"end":{"line":37,"column":37}},"23":{"start":{"line":38,"column":4},"end":{"line":38,"column":72}},"24":{"start":{"line":38,"column":23},"end":{"line":38,"column":72}},"25":{"start":{"line":39,"column":19},"end":{"line":39,"column":58}},"26":{"start":{"line":40,"column":4},"end":{"line":40,"column":52}},"27":{"start":{"line":41,"column":4},"end":{"line":41,"column":21}},"28":{"start":{"line":43,"column":4},"end":{"line":43,"column":76}},"29":{"start":{"line":44,"column":4},"end":{"line":44,"column":14}},"30":{"start":{"line":48,"column":0},"end":{"line":58,"column":2}},"31":{"start":{"line":49,"column":2},"end":{"line":49,"column":84}},"32":{"start":{"line":50,"column":2},"end":{"line":57,"column":3}},"33":{"start":{"line":51,"column":19},"end":{"line":51,"column":67}},"34":{"start":{"line":52,"column":4},"end":{"line":52,"column":86}},"35":{"start":{"line":53,"column":4},"end":{"line":53,"column":53}},"36":{"start":{"line":55,"column":4},"end":{"line":55,"column":83}},"37":{"start":{"line":56,"column":4},"end":{"line":56,"column":14}},"38":{"start":{"line":60,"column":0},"end":{"line":73,"column":2}},"39":{"start":{"line":61,"column":2},"end":{"line":61,"column":56}},"40":{"start":{"line":62,"column":2},"end":{"line":72,"column":3}},"41":{"start":{"line":63,"column":22},"end":{"line":63,"column":32}},"42":{"start":{"line":64,"column":25},"end":{"line":64,"column":33}},"43":{"start":{"line":65,"column":4},"end":{"line":65,"column":64}},"44":{"start":{"line":65,"column":19},"end":{"line":65,"column":64}},"45":{"start":{"line":66,"column":19},"end":{"line":66,"column":67}},"46":{"start":{"line":67,"column":4},"end":{"line":67,"column":58}},"47":{"start":{"line":68,"column":4},"end":{"line":68,"column":57}},"48":{"start":{"line":70,"column":4},"end":{"line":70,"column":82}},"49":{"start":{"line":71,"column":4},"end":{"line":71,"column":14}}},"fnMap":{"0":{"name":"(anonymous_0)","decl":{"start":{"line":5,"column":19},"end":{"line":5,"column":20}},"loc":{"start":{"line":5,"column":45},"end":{"line":15,"column":1}},"line":5},"1":{"name":"(anonymous_1)","decl":{"start":{"line":17,"column":16},"end":{"line":17,"column":17}},"loc":{"start":{"line":17,"column":42},"end":{"line":32,"column":1}},"line":17},"2":{"name":"(anonymous_2)","decl":{"start":{"line":34,"column":18},"end":{"line":34,"column":19}},"loc":{"start":{"line":34,"column":44},"end":{"line":46,"column":1}},"line":34},"3":{"name":"(anonymous_3)","decl":{"start":{"line":48,"column":25},"end":{"line":48,"column":26}},"loc":{"start":{"line":48,"column":51},"end":{"line":58,"column":1}},"line":48},"4":{"name":"(anonymous_4)","decl":{"start":{"line":60,"column":24},"end":{"line":60,"column":25}},"loc":{"start":{"line":60,"column":50},"end":{"line":73,"column":1}},"line":60}},"branchMap":{"0":{"loc":{"start":{"line":38,"column":4},"end":{"line":38,"column":72}},"type":"if","locations":[{"start":{"line":38,"column":4},"end":{"line":38,"column":72}},{"start":{},"end":{}}],"line":38},"1":{"loc":{"start":{"line":65,"column":4},"end":{"line":65,"column":64}},"type":"if","locations":[{"start":{"line":65,"column":4},"end":{"line":65,"column":64}},{"start":{},"end":{}}],"line":65}},"s":{"0":2,"1":2,"2":2,"3":2,"4":3,"5":3,"6":3,"7":2,"8":2,"9":1,"10":1,"11":2,"12":4,"13":4,"14":4,"15":1,"16":1,"17":3,"18":3,"19":2,"20":2,"21":2,"22":2,"23":2,"24":1,"25":1,"26":1,"27":1,"28":1,"29":1,"30":2,"31":3,"32":3,"33":3,"34":1,"35":1,"36":2,"37":2,"38":2,"39":2,"40":2,"41":2,"42":2,"43":2,"44":1,"45":1,"46":1,"47":1,"48":1,"49":1},"f":{"0":3,"1":4,"2":2,"3":3,"4":2},"b":{"0":[1,1],"1":[1,1]},"_coverageSchema":"1a1c01bbd47fc00a2c39e90264f33305004495a9","hash":"9268937f584a14127af7b3d7d8e169053782467d"}
,"C:\\Users\\makarthikreddy\\OneDrive - ALLEGIS GROUP\\Desktop\\Task-Manger-main\\backend\\src\\controllers\\task.controller.js": {"path":"C:\\Users\\makarthikreddy\\OneDrive - ALLEGIS GROUP\\Desktop\\Task-Manger-main\\backend\\src\\controllers\\task.controller.js","statementMap":{"0":{"start":{"line":1,"column":20},"end":{"line":1,"column":55}},"1":{"start":{"line":2,"column":15},"end":{"line":2,"column":42}},"2":{"start":{"line":4,"column":0},"end":{"line":14,"column":2}},"3":{"start":{"line":5,"column":2},"end":{"line":13,"column":3}},"4":{"start":{"line":6,"column":4},"end":{"line":6,"column":92}},"5":{"start":{"line":7,"column":17},"end":{"line":7,"column":64}},"6":{"start":{"line":8,"column":4},"end":{"line":8,"column":54}},"7":{"start":{"line":9,"column":4},"end":{"line":9,"column":31}},"8":{"start":{"line":11,"column":4},"end":{"line":11,"column":56}},"9":{"start":{"line":12,"column":4},"end":{"line":12,"column":14}},"10":{"start":{"line":16,"column":0},"end":{"line":25,"column":2}},"11":{"start":{"line":17,"column":2},"end":{"line":24,"column":3}},"12":{"start":{"line":18,"column":4},"end":{"line":18,"column":94}},"13":{"start":{"line":19,"column":19},"end":{"line":19,"column":67}},"14":{"start":{"line":20,"column":4},"end":{"line":20,"column":21}},"15":{"start":{"line":22,"column":4},"end":{"line":22,"column":56}},"16":{"start":{"line":23,"column":4},"end":{"line":23,"column":14}},"17":{"start":{"line":27,"column":0},"end":{"line":36,"column":2}},"18":{"start":{"line":28,"column":2},"end":{"line":35,"column":3}},"19":{"start":{"line":29,"column":4},"end":{"line":29,"column":115}},"20":{"start":{"line":30,"column":17},"end":{"line":30,"column":79}},"21":{"start":{"line":31,"column":4},"end":{"line":31,"column":19}},"22":{"start":{"line":33,"column":4},"end":{"line":33,"column":56}},"23":{"start":{"line":34,"column":4},"end":{"line":34,"column":14}},"24":{"start":{"line":38,"column":0},"end":{"line":48,"column":2}},"25":{"start":{"line":39,"column":2},"end":{"line":47,"column":3}},"26":{"start":{"line":40,"column":4},"end":{"line":40,"column":99}},"27":{"start":{"line":41,"column":4},"end":{"line":41,"column":57}},"28":{"start":{"line":42,"column":4},"end":{"line":42,"column":59}},"29":{"start":{"line":43,"column":4},"end":{"line":43,"column":55}},"30":{"start":{"line":45,"column":4},"end":{"line":45,"column":56}},"31":{"start":{"line":46,"column":4},"end":{"line":46,"column":14}}},"fnMap":{"0":{"name":"(anonymous_0)","decl":{"start":{"line":4,"column":17},"end":{"line":4,"column":18}},"loc":{"start":{"line":4,"column":43},"end":{"line":14,"column":1}},"line":4},"1":{"name":"(anonymous_1)","decl":{"start":{"line":16,"column":17},"end":{"line":16,"column":18}},"loc":{"start":{"line":16,"column":43},"end":{"line":25,"column":1}},"line":16},"2":{"name":"(anonymous_2)","decl":{"start":{"line":27,"column":17},"end":{"line":27,"column":18}},"loc":{"start":{"line":27,"column":43},"end":{"line":36,"column":1}},"line":27},"3":{"name":"(anonymous_3)","decl":{"start":{"line":38,"column":17},"end":{"line":38,"column":18}},"loc":{"start":{"line":38,"column":43},"end":{"line":48,"column":1}},"line":38}},"branchMap":{},"s":{"0":2,"1":2,"2":2,"3":2,"4":2,"5":2,"6":1,"7":1,"8":1,"9":1,"10":2,"11":1,"12":1,"13":1,"14":1,"15":0,"16":0,"17":2,"18":1,"19":1,"20":1,"21":1,"22":0,"23":0,"24":2,"25":2,"26":2,"27":2,"28":1,"29":1,"30":1,"31":1},"f":{"0":2,"1":1,"2":1,"3":2},"b":{},"_coverageSchema":"1a1c01bbd47fc00a2c39e90264f33305004495a9","hash":"a9c03f48ecd2be920cae29ea8cc952098f1fec3f"}
,"C:\\Users\\makarthikreddy\\OneDrive - ALLEGIS GROUP\\Desktop\\Task-Manger-main\\backend\\src\\middleware\\auth.middleware.js": {"path":"C:\\Users\\makarthikreddy\\OneDrive - ALLEGIS GROUP\\Desktop\\Task-Manger-main\\backend\\src\\middleware\\auth.middleware.js","statementMap":{"0":{"start":{"line":2,"column":12},"end":{"line":2,"column":35}},"1":{"start":{"line":3,"column":17},"end":{"line":3,"column":45}},"2":{"start":{"line":5,"column":0},"end":{"line":29,"column":2}},"3":{"start":{"line":7,"column":17},"end":{"line":7,"column":42}},"4":{"start":{"line":9,"column":2},"end":{"line":11,"column":3}},"5":{"start":{"line":10,"column":4},"end":{"line":10,"column":66}},"6":{"start":{"line":13,"column":16},"end":{"line":13,"column":36}},"7":{"start":{"line":15,"column":2},"end":{"line":27,"column":3}},"8":{"start":{"line":17,"column":20},"end":{"line":17,"column":61}},"9":{"start":{"line":19,"column":4},"end":{"line":19,"column":23}},"10":{"start":{"line":21,"column":4},"end":{"line":21,"column":11}},"11":{"start":{"line":25,"column":4},"end":{"line":25,"column":56}}},"fnMap":{"0":{"name":"(anonymous_0)","decl":{"start":{"line":5,"column":15},"end":{"line":5,"column":16}},"loc":{"start":{"line":5,"column":35},"end":{"line":29,"column":1}},"line":5}},"branchMap":{"0":{"loc":{"start":{"line":9,"column":2},"end":{"line":11,"column":3}},"type":"if","locations":[{"start":{"line":9,"column":2},"end":{"line":11,"column":3}},{"start":{},"end":{}}],"line":9}},"s":{"0":2,"1":2,"2":2,"3":8,"4":8,"5":2,"6":6,"7":6,"8":6,"9":1,"10":1,"11":5},"f":{"0":8},"b":{"0":[2,6]},"_coverageSchema":"1a1c01bbd47fc00a2c39e90264f33305004495a9","hash":"d12c7cf938775277c43bf2262f61008aa12d3b71"}
,"C:\\Users\\makarthikreddy\\OneDrive - ALLEGIS GROUP\\Desktop\\Task-Manger-main\\backend\\src\\middleware\\error.middleware.js": {"path":"C:\\Users\\makarthikreddy\\OneDrive - ALLEGIS GROUP\\Desktop\\Task-Manger-main\\backend\\src\\middleware\\error.middleware.js","statementMap":{"0":{"start":{"line":1,"column":15},"end":{"line":1,"column":42}},"1":{"start":{"line":3,"column":0},"end":{"line":16,"column":2}},"2":{"start":{"line":4,"column":21},"end":{"line":4,"column":42}},"3":{"start":{"line":5,"column":24},"end":{"line":5,"column":50}},"4":{"start":{"line":7,"column":2},"end":{"line":10,"column":5}},"5":{"start":{"line":12,"column":2},"end":{"line":15,"column":5}}},"fnMap":{"0":{"name":"(anonymous_0)","decl":{"start":{"line":3,"column":17},"end":{"line":3,"column":18}},"loc":{"start":{"line":3,"column":42},"end":{"line":16,"column":1}},"line":3}},"branchMap":{"0":{"loc":{"start":{"line":4,"column":21},"end":{"line":4,"column":42}},"type":"binary-expr","locations":[{"start":{"line":4,"column":21},"end":{"line":4,"column":35}},{"start":{"line":4,"column":39},"end":{"line":4,"column":42}}],"line":4},"1":{"loc":{"start":{"line":5,"column":24},"end":{"line":5,"column":50}},"type":"binary-expr","locations":[{"start":{"line":5,"column":24},"end":{"line":5,"column":41}},{"start":{"line":5,"column":45},"end":{"line":5,"column":50}}],"line":5},"2":{"loc":{"start":{"line":14,"column":13},"end":{"line":14,"column":66}},"type":"cond-expr","locations":[{"start":{"line":14,"column":29},"end":{"line":14,"column":40}},{"start":{"line":14,"column":43},"end":{"line":14,"column":66}}],"line":14}},"s":{"0":2,"1":2,"2":13,"3":13,"4":13,"5":13},"f":{"0":13},"b":{"0":[13,1],"1":[13,1],"2":[12,1]},"_coverageSchema":"1a1c01bbd47fc00a2c39e90264f33305004495a9","hash":"3ad39adc9578f585284bb49ab40c1c3c239e286f"}
,"C:\\Users\\makarthikreddy\\OneDrive - ALLEGIS GROUP\\Desktop\\Task-Manger-main\\backend\\src\\middleware\\role.middleware.js": {"path":"C:\\Users\\makarthikreddy\\OneDrive - ALLEGIS GROUP\\Desktop\\Task-Manger-main\\backend\\src\\middleware\\role.middleware.js","statementMap":{"0":{"start":{"line":1,"column":0},"end":{"line":5,"column":2}},"1":{"start":{"line":1,"column":30},"end":{"line":5,"column":1}},"2":{"start":{"line":2,"column":2},"end":{"line":3,"column":55}},"3":{"start":{"line":3,"column":4},"end":{"line":3,"column":55}},"4":{"start":{"line":4,"column":2},"end":{"line":4,"column":9}}},"fnMap":{"0":{"name":"(anonymous_0)","decl":{"start":{"line":1,"column":16},"end":{"line":1,"column":17}},"loc":{"start":{"line":1,"column":30},"end":{"line":5,"column":1}},"line":1},"1":{"name":"(anonymous_1)","decl":{"start":{"line":1,"column":30},"end":{"line":1,"column":31}},"loc":{"start":{"line":1,"column":46},"end":{"line":5,"column":1}},"line":1}},"branchMap":{"0":{"loc":{"start":{"line":1,"column":17},"end":{"line":1,"column":25}},"type":"default-arg","locations":[{"start":{"line":1,"column":23},"end":{"line":1,"column":25}}],"line":1},"1":{"loc":{"start":{"line":2,"column":2},"end":{"line":3,"column":55}},"type":"if","locations":[{"start":{"line":2,"column":2},"end":{"line":3,"column":55}},{"start":{},"end":{}}],"line":2}},"s":{"0":1,"1":2,"2":2,"3":1,"4":1},"f":{"0":2,"1":2},"b":{"0":[0],"1":[1,1]},"_coverageSchema":"1a1c01bbd47fc00a2c39e90264f33305004495a9","hash":"93cec929075c7f2adf31df9640398b379e83270f"}
,"C:\\Users\\makarthikreddy\\OneDrive - ALLEGIS GROUP\\Desktop\\Task-Manger-main\\backend\\src\\middleware\\validate.middleware.js": {"path":"C:\\Users\\makarthikreddy\\OneDrive - ALLEGIS GROUP\\Desktop\\Task-Manger-main\\backend\\src\\middleware\\validate.middleware.js","statementMap":{"0":{"start":{"line":1,"column":17},"end":{"line":1,"column":45}},"1":{"start":{"line":3,"column":0},"end":{"line":9,"column":2}},"2":{"start":{"line":3,"column":29},"end":{"line":9,"column":1}},"3":{"start":{"line":4,"column":20},"end":{"line":4,"column":45}},"4":{"start":{"line":5,"column":2},"end":{"line":7,"column":3}},"5":{"start":{"line":6,"column":4},"end":{"line":6,"column":61}},"6":{"start":{"line":8,"column":2},"end":{"line":8,"column":9}}},"fnMap":{"0":{"name":"(anonymous_0)","decl":{"start":{"line":3,"column":17},"end":{"line":3,"column":18}},"loc":{"start":{"line":3,"column":29},"end":{"line":9,"column":1}},"line":3},"1":{"name":"(anonymous_1)","decl":{"start":{"line":3,"column":29},"end":{"line":3,"column":30}},"loc":{"start":{"line":3,"column":49},"end":{"line":9,"column":1}},"line":3}},"branchMap":{"0":{"loc":{"start":{"line":5,"column":2},"end":{"line":7,"column":3}},"type":"if","locations":[{"start":{"line":5,"column":2},"end":{"line":7,"column":3}},{"start":{},"end":{}}],"line":5}},"s":{"0":2,"1":2,"2":5,"3":5,"4":5,"5":1,"6":4},"f":{"0":5,"1":5},"b":{"0":[1,4]},"_coverageSchema":"1a1c01bbd47fc00a2c39e90264f33305004495a9","hash":"27692378e8b5c99af72a5ce4651cf1509b590f17"}
,"C:\\Users\\makarthikreddy\\OneDrive - ALLEGIS GROUP\\Desktop\\Task-Manger-main\\backend\\src\\models\\task.model.js": {"path":"C:\\Users\\makarthikreddy\\OneDrive - ALLEGIS GROUP\\Desktop\\Task-Manger-main\\backend\\src\\models\\task.model.js","statementMap":{"0":{"start":{"line":1,"column":17},"end":{"line":1,"column":36}},"1":{"start":{"line":3,"column":0},"end":{"line":44,"column":2}}},"fnMap":{},"branchMap":{},"s":{"0":6,"1":6},"f":{},"b":{},"_coverageSchema":"1a1c01bbd47fc00a2c39e90264f33305004495a9","hash":"2bffab468355f4ab5f58d40cdeb9c32735434f05"}
,"C:\\Users\\makarthikreddy\\OneDrive - ALLEGIS GROUP\\Desktop\\Task-Manger-main\\backend\\src\\models\\user.model.js": {"path":"C:\\Users\\makarthikreddy\\OneDrive - ALLEGIS GROUP\\Desktop\\Task-Manger-main\\backend\\src\\models\\user.model.js","statementMap":{"0":{"start":{"line":1,"column":17},"end":{"line":1,"column":36}},"1":{"start":{"line":2,"column":15},"end":{"line":2,"column":34}},"2":{"start":{"line":11,"column":15},"end":{"line":22,"column":24}},"3":{"start":{"line":24,"column":0},"end":{"line":28,"column":3}},"4":{"start":{"line":25,"column":2},"end":{"line":25,"column":50}},"5":{"start":{"line":25,"column":36},"end":{"line":25,"column":50}},"6":{"start":{"line":26,"column":2},"end":{"line":26,"column":55}},"7":{"start":{"line":27,"column":2},"end":{"line":27,"column":9}},"8":{"start":{"line":30,"column":0},"end":{"line":32,"column":2}},"9":{"start":{"line":31,"column":2},"end":{"line":31,"column":49}},"10":{"start":{"line":34,"column":0},"end":{"line":34,"column":48}}},"fnMap":{"0":{"name":"(anonymous_0)","decl":{"start":{"line":24,"column":19},"end":{"line":24,"column":20}},"loc":{"start":{"line":24,"column":40},"end":{"line":28,"column":1}},"line":24},"1":{"name":"(anonymous_1)","decl":{"start":{"line":30,"column":33},"end":{"line":30,"column":34}},"loc":{"start":{"line":30,"column":52},"end":{"line":32,"column":1}},"line":30}},"branchMap":{"0":{"loc":{"start":{"line":25,"column":2},"end":{"line":25,"column":50}},"type":"if","locations":[{"start":{"line":25,"column":2},"end":{"line":25,"column":50}},{"start":{},"end":{}}],"line":25}},"s":{"0":4,"1":4,"2":4,"3":4,"4":8,"5":1,"6":7,"7":7,"8":4,"9":0,"10":4},"f":{"0":8,"1":0},"b":{"0":[1,7]},"_coverageSchema":"1a1c01bbd47fc00a2c39e90264f33305004495a9","hash":"7d04081c989093f87519dbac3c209d58959c9b16"}
,"C:\\Users\\makarthikreddy\\OneDrive - ALLEGIS GROUP\\Desktop\\Task-Manger-main\\backend\\src\\routes\\auth.routes.js": {"path":"C:\\Users\\makarthikreddy\\OneDrive - ALLEGIS GROUP\\Desktop\\Task-Manger-main\\backend\\src\\routes\\auth.routes.js","statementMap":{"0":{"start":{"line":1,"column":15},"end":{"line":1,"column":42}},"1":{"start":{"line":2,"column":19},"end":{"line":2,"column":60}},"2":{"start":{"line":3,"column":17},"end":{"line":3,"column":61}},"3":{"start":{"line":7,"column":4},"end":{"line":7,"column":45}},"4":{"start":{"line":9,"column":0},"end":{"line":9,"column":72}},"5":{"start":{"line":10,"column":0},"end":{"line":10,"column":63}},"6":{"start":{"line":11,"column":0},"end":{"line":11,"column":44}},"7":{"start":{"line":12,"column":0},"end":{"line":12,"column":59}},"8":{"start":{"line":14,"column":0},"end":{"line":14,"column":64}},"9":{"start":{"line":16,"column":0},"end":{"line":16,"column":24}}},"fnMap":{},"branchMap":{},"s":{"0":1,"1":1,"2":1,"3":1,"4":1,"5":1,"6":1,"7":1,"8":1,"9":1},"f":{},"b":{},"_coverageSchema":"1a1c01bbd47fc00a2c39e90264f33305004495a9","hash":"3c50f35df93b6231f1fa265f010a2b1466128272"}
,"C:\\Users\\makarthikreddy\\OneDrive - ALLEGIS GROUP\\Desktop\\Task-Manger-main\\backend\\src\\routes\\task.routes.js": {"path":"C:\\Users\\makarthikreddy\\OneDrive - ALLEGIS GROUP\\Desktop\\Task-Manger-main\\backend\\src\\routes\\task.routes.js","statementMap":{"0":{"start":{"line":1,"column":15},"end":{"line":1,"column":42}},"1":{"start":{"line":2,"column":17},"end":{"line":2,"column":57}},"2":{"start":{"line":3,"column":17},"end":{"line":3,"column":61}},"3":{"start":{"line":4,"column":23},"end":{"line":4,"column":64}},"4":{"start":{"line":5,"column":19},"end":{"line":5,"column":60}},"5":{"start":{"line":6,"column":28},"end":{"line":6,"column":74}},"6":{"start":{"line":8,"column":0},"end":{"line":8,"column":17}},"7":{"start":{"line":10,"column":0},"end":{"line":10,"column":58}},"8":{"start":{"line":12,"column":0},"end":{"line":12,"column":35}},"9":{"start":{"line":14,"column":0},"end":{"line":14,"column":59}},"10":{"start":{"line":16,"column":0},"end":{"line":16,"column":38}},"11":{"start":{"line":18,"column":0},"end":{"line":18,"column":41}},"12":{"start":{"line":20,"column":0},"end":{"line":20,"column":24}}},"fnMap":{},"branchMap":{},"s":{"0":1,"1":1,"2":1,"3":1,"4":1,"5":1,"6":1,"7":1,"8":1,"9":1,"10":1,"11":1,"12":1},"f":{},"b":{},"_coverageSchema":"1a1c01bbd47fc00a2c39e90264f33305004495a9","hash":"058bf3e8c2304807757c0bb729d2b39ec2bda0b1"}
,"C:\\Users\\makarthikreddy\\OneDrive - ALLEGIS GROUP\\Desktop\\Task-Manger-main\\backend\\src\\services\\analytics.service.js": {"path":"C:\\Users\\makarthikreddy\\OneDrive - ALLEGIS GROUP\\Desktop\\Task-Manger-main\\backend\\src\\services\\analytics.service.js","statementMap":{"0":{"start":{"line":1,"column":17},"end":{"line":1,"column":36}},"1":{"start":{"line":2,"column":13},"end":{"line":2,"column":44}},"2":{"start":{"line":3,"column":15},"end":{"line":3,"column":42}},"3":{"start":{"line":5,"column":0},"end":{"line":168,"column":2}},"4":{"start":{"line":6,"column":20},"end":{"line":6,"column":55}},"5":{"start":{"line":7,"column":14},"end":{"line":7,"column":24}},"6":{"start":{"line":8,"column":21},"end":{"line":8,"column":79}},"7":{"start":{"line":9,"column":19},"end":{"line":9,"column":71}},"8":{"start":{"line":10,"column":24},"end":{"line":10,"column":74}},"9":{"start":{"line":11,"column":21},"end":{"line":11,"column":78}},"10":{"start":{"line":14,"column":20},"end":{"line":17,"column":4}},"11":{"start":{"line":18,"column":23},"end":{"line":18,"column":63}},"12":{"start":{"line":19,"column":2},"end":{"line":19,"column":63}},"13":{"start":{"line":19,"column":29},"end":{"line":19,"column":59}},"14":{"start":{"line":22,"column":22},"end":{"line":25,"column":4}},"15":{"start":{"line":26,"column":25},"end":{"line":26,"column":55}},"16":{"start":{"line":27,"column":2},"end":{"line":27,"column":67}},"17":{"start":{"line":27,"column":31},"end":{"line":27,"column":63}},"18":{"start":{"line":30,"column":17},"end":{"line":38,"column":4}},"19":{"start":{"line":41,"column":23},"end":{"line":45,"column":4}},"20":{"start":{"line":48,"column":23},"end":{"line":51,"column":4}},"21":{"start":{"line":54,"column":22},"end":{"line":69,"column":4}},"22":{"start":{"line":71,"column":4},"end":{"line":73,"column":12}},"23":{"start":{"line":76,"column":23},"end":{"line":85,"column":4}},"24":{"start":{"line":88,"column":25},"end":{"line":103,"column":4}},"25":{"start":{"line":106,"column":21},"end":{"line":106,"column":67}},"26":{"start":{"line":107,"column":20},"end":{"line":122,"column":4}},"27":{"start":{"line":125,"column":23},"end":{"line":125,"column":73}},"28":{"start":{"line":126,"column":23},"end":{"line":126,"column":73}},"29":{"start":{"line":127,"column":25},"end":{"line":127,"column":75}},"30":{"start":{"line":129,"column":17},"end":{"line":146,"column":4}},"31":{"start":{"line":148,"column":22},"end":{"line":148,"column":70}},"32":{"start":{"line":149,"column":26},"end":{"line":152,"column":5}},"33":{"start":{"line":149,"column":55},"end":{"line":152,"column":3}},"34":{"start":{"line":151,"column":31},"end":{"line":151,"column":47}},"35":{"start":{"line":154,"column":2},"end":{"line":154,"column":67}},"36":{"start":{"line":156,"column":2},"end":{"line":167,"column":4}}},"fnMap":{"0":{"name":"(anonymous_0)","decl":{"start":{"line":5,"column":23},"end":{"line":5,"column":24}},"loc":{"start":{"line":5,"column":41},"end":{"line":168,"column":1}},"line":5},"1":{"name":"(anonymous_1)","decl":{"start":{"line":19,"column":20},"end":{"line":19,"column":21}},"loc":{"start":{"line":19,"column":27},"end":{"line":19,"column":61}},"line":19},"2":{"name":"(anonymous_2)","decl":{"start":{"line":27,"column":22},"end":{"line":27,"column":23}},"loc":{"start":{"line":27,"column":29},"end":{"line":27,"column":65}},"line":27},"3":{"name":"(anonymous_3)","decl":{"start":{"line":149,"column":42},"end":{"line":149,"column":43}},"loc":{"start":{"line":149,"column":55},"end":{"line":152,"column":3}},"line":149},"4":{"name":"(anonymous_4)","decl":{"start":{"line":151,"column":24},"end":{"line":151,"column":25}},"loc":{"start":{"line":151,"column":31},"end":{"line":151,"column":47}},"line":151}},"branchMap":{"0":{"loc":{"start":{"line":71,"column":4},"end":{"line":73,"column":12}},"type":"cond-expr","locations":[{"start":{"line":72,"column":8},"end":{"line":72,"column":69}},{"start":{"line":73,"column":8},"end":{"line":73,"column":12}}],"line":71},"1":{"loc":{"start":{"line":151,"column":12},"end":{"line":151,"column":64}},"type":"binary-expr","locations":[{"start":{"line":151,"column":12},"end":{"line":151,"column":48}},{"start":{"line":151,"column":52},"end":{"line":151,"column":64}}],"line":151}},"s":{"0":3,"1":3,"2":3,"3":3,"4":2,"5":2,"6":2,"7":2,"8":2,"9":2,"10":2,"11":2,"12":2,"13":1,"14":2,"15":2,"16":2,"17":1,"18":2,"19":2,"20":2,"21":2,"22":2,"23":2,"24":2,"25":2,"26":2,"27":2,"28":2,"29":2,"30":2,"31":2,"32":2,"33":8,"34":0,"35":2,"36":2},"f":{"0":2,"1":1,"2":1,"3":8,"4":0},"b":{"0":[1,1],"1":[8,8]},"_coverageSchema":"1a1c01bbd47fc00a2c39e90264f33305004495a9","hash":"5a1867a3fe027e98582031563347c5c825bb695c"}
,"C:\\Users\\makarthikreddy\\OneDrive - ALLEGIS GROUP\\Desktop\\Task-Manger-main\\backend\\src\\services\\auth.service.js": {"path":"C:\\Users\\makarthikreddy\\OneDrive - ALLEGIS GROUP\\Desktop\\Task-Manger-main\\backend\\src\\services\\auth.service.js","statementMap":{"0":{"start":{"line":1,"column":12},"end":{"line":1,"column":35}},"1":{"start":{"line":2,"column":15},"end":{"line":2,"column":32}},"2":{"start":{"line":3,"column":13},"end":{"line":3,"column":44}},"3":{"start":{"line":4,"column":15},"end":{"line":4,"column":42}},"4":{"start":{"line":5,"column":17},"end":{"line":5,"column":45}},"5":{"start":{"line":7,"column":23},"end":{"line":12,"column":3}},"6":{"start":{"line":8,"column":2},"end":{"line":12,"column":3}},"7":{"start":{"line":14,"column":24},"end":{"line":19,"column":3}},"8":{"start":{"line":15,"column":2},"end":{"line":19,"column":3}},"9":{"start":{"line":21,"column":0},"end":{"line":33,"column":2}},"10":{"start":{"line":22,"column":2},"end":{"line":22,"column":71}},"11":{"start":{"line":24,"column":19},"end":{"line":24,"column":60}},"12":{"start":{"line":25,"column":2},"end":{"line":28,"column":3}},"13":{"start":{"line":26,"column":4},"end":{"line":26,"column":90}},"14":{"start":{"line":27,"column":4},"end":{"line":27,"column":56}},"15":{"start":{"line":30,"column":15},"end":{"line":30,"column":38}},"16":{"start":{"line":31,"column":2},"end":{"line":31,"column":70}},"17":{"start":{"line":32,"column":2},"end":{"line":32,"column":14}},"18":{"start":{"line":35,"column":0},"end":{"line":61,"column":2}},"19":{"start":{"line":36,"column":2},"end":{"line":36,"column":56}},"20":{"start":{"line":38,"column":15},"end":{"line":38,"column":44}},"21":{"start":{"line":39,"column":2},"end":{"line":42,"column":3}},"22":{"start":{"line":40,"column":4},"end":{"line":40,"column":65}},"23":{"start":{"line":41,"column":4},"end":{"line":41,"column":51}},"24":{"start":{"line":44,"column":16},"end":{"line":44,"column":52}},"25":{"start":{"line":45,"column":2},"end":{"line":48,"column":3}},"26":{"start":{"line":46,"column":4},"end":{"line":46,"column":65}},"27":{"start":{"line":47,"column":4},"end":{"line":47,"column":51}},"28":{"start":{"line":50,"column":22},"end":{"line":50,"column":42}},"29":{"start":{"line":51,"column":23},"end":{"line":51,"column":44}},"30":{"start":{"line":52,"column":2},"end":{"line":52,"column":35}},"31":{"start":{"line":53,"column":2},"end":{"line":53,"column":20}},"32":{"start":{"line":55,"column":2},"end":{"line":55,"column":67}},"33":{"start":{"line":56,"column":2},"end":{"line":60,"column":4}},"34":{"start":{"line":63,"column":0},"end":{"line":86,"column":2}},"35":{"start":{"line":64,"column":2},"end":{"line":64,"column":47}},"36":{"start":{"line":67,"column":2},"end":{"line":72,"column":3}},"37":{"start":{"line":68,"column":4},"end":{"line":68,"column":64}},"38":{"start":{"line":70,"column":4},"end":{"line":70,"column":87}},"39":{"start":{"line":71,"column":4},"end":{"line":71,"column":64}},"40":{"start":{"line":74,"column":15},"end":{"line":74,"column":46}},"41":{"start":{"line":75,"column":2},"end":{"line":78,"column":3}},"42":{"start":{"line":76,"column":4},"end":{"line":76,"column":98}},"43":{"start":{"line":77,"column":4},"end":{"line":77,"column":53}},"44":{"start":{"line":80,"column":22},"end":{"line":80,"column":42}},"45":{"start":{"line":81,"column":2},"end":{"line":81,"column":69}},"46":{"start":{"line":82,"column":2},"end":{"line":85,"column":4}},"47":{"start":{"line":88,"column":0},"end":{"line":106,"column":2}},"48":{"start":{"line":89,"column":2},"end":{"line":89,"column":65}},"49":{"start":{"line":91,"column":15},"end":{"line":91,"column":44}},"50":{"start":{"line":92,"column":2},"end":{"line":95,"column":3}},"51":{"start":{"line":93,"column":4},"end":{"line":93,"column":74}},"52":{"start":{"line":94,"column":4},"end":{"line":94,"column":64}},"53":{"start":{"line":97,"column":21},"end":{"line":97,"column":59}},"54":{"start":{"line":98,"column":22},"end":{"line":98,"column":82}},"55":{"start":{"line":100,"column":2},"end":{"line":100,"column":40}},"56":{"start":{"line":101,"column":2},"end":{"line":101,"column":57}},"57":{"start":{"line":102,"column":2},"end":{"line":102,"column":20}},"58":{"start":{"line":104,"column":2},"end":{"line":104,"column":73}},"59":{"start":{"line":105,"column":2},"end":{"line":105,"column":31}},"60":{"start":{"line":108,"column":0},"end":{"line":130,"column":2}},"61":{"start":{"line":109,"column":2},"end":{"line":109,"column":53}},"62":{"start":{"line":111,"column":22},"end":{"line":111,"column":77}},"63":{"start":{"line":113,"column":15},"end":{"line":116,"column":4}},"64":{"start":{"line":118,"column":2},"end":{"line":121,"column":3}},"65":{"start":{"line":119,"column":4},"end":{"line":119,"column":72}},"66":{"start":{"line":120,"column":4},"end":{"line":120,"column":68}},"67":{"start":{"line":123,"column":2},"end":{"line":123,"column":27}},"68":{"start":{"line":124,"column":2},"end":{"line":124,"column":38}},"69":{"start":{"line":125,"column":2},"end":{"line":125,"column":39}},"70":{"start":{"line":126,"column":2},"end":{"line":126,"column":20}},"71":{"start":{"line":128,"column":2},"end":{"line":128,"column":75}},"72":{"start":{"line":129,"column":2},"end":{"line":129,"column":54}}},"fnMap":{"0":{"name":"(anonymous_0)","decl":{"start":{"line":7,"column":23},"end":{"line":7,"column":24}},"loc":{"start":{"line":8,"column":2},"end":{"line":12,"column":3}},"line":8},"1":{"name":"(anonymous_1)","decl":{"start":{"line":14,"column":24},"end":{"line":14,"column":25}},"loc":{"start":{"line":15,"column":2},"end":{"line":19,"column":3}},"line":15},"2":{"name":"(anonymous_2)","decl":{"start":{"line":21,"column":19},"end":{"line":21,"column":20}},"loc":{"start":{"line":21,"column":35},"end":{"line":33,"column":1}},"line":21},"3":{"name":"(anonymous_3)","decl":{"start":{"line":35,"column":16},"end":{"line":35,"column":17}},"loc":{"start":{"line":35,"column":43},"end":{"line":61,"column":1}},"line":35},"4":{"name":"(anonymous_4)","decl":{"start":{"line":63,"column":18},"end":{"line":63,"column":19}},"loc":{"start":{"line":63,"column":35},"end":{"line":86,"column":1}},"line":63},"5":{"name":"(anonymous_5)","decl":{"start":{"line":88,"column":25},"end":{"line":88,"column":26}},"loc":{"start":{"line":88,"column":42},"end":{"line":106,"column":1}},"line":88},"6":{"name":"(anonymous_6)","decl":{"start":{"line":108,"column":24},"end":{"line":108,"column":25}},"loc":{"start":{"line":108,"column":51},"end":{"line":130,"column":1}},"line":108}},"branchMap":{"0":{"loc":{"start":{"line":25,"column":2},"end":{"line":28,"column":3}},"type":"if","locations":[{"start":{"line":25,"column":2},"end":{"line":28,"column":3}},{"start":{},"end":{}}],"line":25},"1":{"loc":{"start":{"line":39,"column":2},"end":{"line":42,"column":3}},"type":"if","locations":[{"start":{"line":39,"column":2},"end":{"line":42,"column":3}},{"start":{},"end":{}}],"line":39},"2":{"loc":{"start":{"line":45,"column":2},"end":{"line":48,"column":3}},"type":"if","locations":[{"start":{"line":45,"column":2},"end":{"line":48,"column":3}},{"start":{},"end":{}}],"line":45},"3":{"loc":{"start":{"line":75,"column":2},"end":{"line":78,"column":3}},"type":"if","locations":[{"start":{"line":75,"column":2},"end":{"line":78,"column":3}},{"start":{},"end":{}}],"line":75},"4":{"loc":{"start":{"line":75,"column":6},"end":{"line":75,"column":42}},"type":"binary-expr","locations":[{"start":{"line":75,"column":6},"end":{"line":75,"column":11}},{"start":{"line":75,"column":15},"end":{"line":75,"column":42}}],"line":75},"5":{"loc":{"start":{"line":92,"column":2},"end":{"line":95,"column":3}},"type":"if","locations":[{"start":{"line":92,"column":2},"end":{"line":95,"column":3}},{"start":{},"end":{}}],"line":92},"6":{"loc":{"start":{"line":118,"column":2},"end":{"line":121,"column":3}},"type":"if","locations":[{"start":{"line":118,"column":2},"end":{"line":121,"column":3}},{"start":{},"end":{}}],"line":118}},"s":{"0":3,"1":3,"2":3,"3":3,"4":3,"5":3,"6":2,"7":3,"8":1,"9":3,"10":3,"11":3,"12":3,"13":1,"14":1,"15":2,"16":2,"17":2,"18":3,"19":5,"20":5,"21":5,"22":3,"23":3,"24":2,"25":2,"26":1,"27":1,"28":1,"29":1,"30":1,"31":1,"32":1,"33":1,"34":3,"35":3,"36":3,"37":3,"38":1,"39":1,"40":2,"41":2,"42":1,"43":1,"44":1,"45":1,"46":1,"47":3,"48":3,"49":3,"50":3,"51":2,"52":2,"53":1,"54":1,"55":1,"56":1,"57":1,"58":1,"59":1,"60":3,"61":2,"62":2,"63":2,"64":2,"65":1,"66":1,"67":1,"68":1,"69":1,"70":1,"71":1,"72":1},"f":{"0":2,"1":1,"2":3,"3":5,"4":3,"5":3,"6":2},"b":{"0":[1,2],"1":[3,2],"2":[1,1],"3":[1,1],"4":[2,2],"5":[2,1],"6":[1,1]},"_coverageSchema":"1a1c01bbd47fc00a2c39e90264f33305004495a9","hash":"ae8fd63fe7d48eca5c23a43bc69caa46b9b935d0"}
,"C:\\Users\\makarthikreddy\\OneDrive - ALLEGIS GROUP\\Desktop\\Task-Manger-main\\backend\\src\\services\\mail.service.js": {"path":"C:\\Users\\makarthikreddy\\OneDrive - ALLEGIS GROUP\\Desktop\\Task-Manger-main\\backend\\src\\services\\mail.service.js","statementMap":{"0":{"start":{"line":1,"column":19},"end":{"line":1,"column":40}},"1":{"start":{"line":2,"column":15},"end":{"line":2,"column":42}},"2":{"start":{"line":4,"column":20},"end":{"line":10,"column":2}},"3":{"start":{"line":12,"column":0},"end":{"line":31,"column":2}},"4":{"start":{"line":13,"column":2},"end":{"line":13,"column":80}},"5":{"start":{"line":14,"column":2},"end":{"line":30,"column":3}},"6":{"start":{"line":15,"column":19},"end":{"line":24,"column":6}},"7":{"start":{"line":25,"column":4},"end":{"line":25,"column":97}},"8":{"start":{"line":26,"column":4},"end":{"line":26,"column":18}},"9":{"start":{"line":28,"column":4},"end":{"line":28,"column":100}},"10":{"start":{"line":29,"column":4},"end":{"line":29,"column":14}},"11":{"start":{"line":33,"column":0},"end":{"line":53,"column":2}},"12":{"start":{"line":34,"column":2},"end":{"line":34,"column":75}},"13":{"start":{"line":35,"column":2},"end":{"line":52,"column":3}},"14":{"start":{"line":36,"column":19},"end":{"line":46,"column":6}},"15":{"start":{"line":47,"column":4},"end":{"line":47,"column":103}},"16":{"start":{"line":48,"column":4},"end":{"line":48,"column":18}},"17":{"start":{"line":50,"column":4},"end":{"line":50,"column":106}},"18":{"start":{"line":51,"column":4},"end":{"line":51,"column":14}}},"fnMap":{"0":{"name":"(anonymous_0)","decl":{"start":{"line":12,"column":27},"end":{"line":12,"column":28}},"loc":{"start":{"line":12,"column":67},"end":{"line":31,"column":1}},"line":12},"1":{"name":"(anonymous_1)","decl":{"start":{"line":33,"column":33},"end":{"line":33,"column":34}},"loc":{"start":{"line":33,"column":62},"end":{"line":53,"column":1}},"line":33}},"branchMap":{},"s":{"0":1,"1":1,"2":1,"3":1,"4":2,"5":2,"6":2,"7":1,"8":1,"9":1,"10":1,"11":1,"12":1,"13":1,"14":1,"15":1,"16":1,"17":0,"18":0},"f":{"0":2,"1":1},"b":{},"_coverageSchema":"1a1c01bbd47fc00a2c39e90264f33305004495a9","hash":"30881c12b814af75ab0146c48c806b7559a95021"}
,"C:\\Users\\makarthikreddy\\OneDrive - ALLEGIS GROUP\\Desktop\\Task-Manger-main\\backend\\src\\services\\task.service.js": {"path":"C:\\Users\\makarthikreddy\\OneDrive - ALLEGIS GROUP\\Desktop\\Task-Manger-main\\backend\\src\\services\\task.service.js","statementMap":{"0":{"start":{"line":91,"column":13},"end":{"line":91,"column":44}},"1":{"start":{"line":92,"column":15},"end":{"line":92,"column":42}},"2":{"start":{"line":93,"column":15},"end":{"line":93,"column":42}},"3":{"start":{"line":94,"column":17},"end":{"line":94,"column":45}},"4":{"start":{"line":96,"column":0},"end":{"line":108,"column":2}},"5":{"start":{"line":97,"column":2},"end":{"line":97,"column":77}},"6":{"start":{"line":98,"column":15},"end":{"line":98,"column":59}},"7":{"start":{"line":100,"column":2},"end":{"line":104,"column":3}},"8":{"start":{"line":101,"column":16},"end":{"line":101,"column":96}},"9":{"start":{"line":102,"column":4},"end":{"line":102,"column":69}},"10":{"start":{"line":103,"column":4},"end":{"line":103,"column":107}},"11":{"start":{"line":106,"column":2},"end":{"line":106,"column":68}},"12":{"start":{"line":107,"column":2},"end":{"line":107,"column":14}},"13":{"start":{"line":110,"column":0},"end":{"line":134,"column":2}},"14":{"start":{"line":111,"column":2},"end":{"line":111,"column":65}},"15":{"start":{"line":113,"column":71},"end":{"line":113,"column":76}},"16":{"start":{"line":115,"column":17},"end":{"line":127,"column":3}},"17":{"start":{"line":129,"column":16},"end":{"line":129,"column":63}},"18":{"start":{"line":130,"column":16},"end":{"line":130,"column":28}},"19":{"start":{"line":132,"column":2},"end":{"line":132,"column":65}},"20":{"start":{"line":133,"column":2},"end":{"line":133,"column":26}},"21":{"start":{"line":136,"column":0},"end":{"line":160,"column":2}},"22":{"start":{"line":137,"column":2},"end":{"line":137,"column":66}},"23":{"start":{"line":138,"column":15},"end":{"line":138,"column":64}},"24":{"start":{"line":140,"column":2},"end":{"line":143,"column":3}},"25":{"start":{"line":141,"column":4},"end":{"line":141,"column":75}},"26":{"start":{"line":142,"column":4},"end":{"line":142,"column":46}},"27":{"start":{"line":145,"column":2},"end":{"line":148,"column":3}},"28":{"start":{"line":146,"column":4},"end":{"line":146,"column":45}},"29":{"start":{"line":147,"column":4},"end":{"line":147,"column":104}},"30":{"start":{"line":150,"column":2},"end":{"line":155,"column":3}},"31":{"start":{"line":151,"column":4},"end":{"line":151,"column":45}},"32":{"start":{"line":152,"column":16},"end":{"line":152,"column":106}},"33":{"start":{"line":153,"column":4},"end":{"line":153,"column":31}},"34":{"start":{"line":154,"column":4},"end":{"line":154,"column":99}},"35":{"start":{"line":157,"column":18},"end":{"line":157,"column":75}},"36":{"start":{"line":158,"column":2},"end":{"line":158,"column":58}},"37":{"start":{"line":159,"column":2},"end":{"line":159,"column":17}},"38":{"start":{"line":162,"column":0},"end":{"line":178,"column":2}},"39":{"start":{"line":163,"column":2},"end":{"line":163,"column":66}},"40":{"start":{"line":164,"column":15},"end":{"line":164,"column":73}},"41":{"start":{"line":166,"column":2},"end":{"line":169,"column":3}},"42":{"start":{"line":167,"column":4},"end":{"line":167,"column":75}},"43":{"start":{"line":168,"column":4},"end":{"line":168,"column":46}},"44":{"start":{"line":171,"column":2},"end":{"line":174,"column":3}},"45":{"start":{"line":172,"column":4},"end":{"line":172,"column":45}},"46":{"start":{"line":173,"column":4},"end":{"line":173,"column":85}},"47":{"start":{"line":176,"column":2},"end":{"line":176,"column":58}},"48":{"start":{"line":177,"column":2},"end":{"line":177,"column":14}}},"fnMap":{"0":{"name":"(anonymous_0)","decl":{"start":{"line":96,"column":17},"end":{"line":96,"column":18}},"loc":{"start":{"line":96,"column":41},"end":{"line":108,"column":1}},"line":96},"1":{"name":"(anonymous_1)","decl":{"start":{"line":110,"column":17},"end":{"line":110,"column":18}},"loc":{"start":{"line":110,"column":42},"end":{"line":134,"column":1}},"line":110},"2":{"name":"(anonymous_2)","decl":{"start":{"line":136,"column":17},"end":{"line":136,"column":18}},"loc":{"start":{"line":136,"column":49},"end":{"line":160,"column":1}},"line":136},"3":{"name":"(anonymous_3)","decl":{"start":{"line":162,"column":17},"end":{"line":162,"column":18}},"loc":{"start":{"line":162,"column":43},"end":{"line":178,"column":1}},"line":162}},"branchMap":{"0":{"loc":{"start":{"line":100,"column":2},"end":{"line":104,"column":3}},"type":"if","locations":[{"start":{"line":100,"column":2},"end":{"line":104,"column":3}},{"start":{},"end":{}}],"line":100},"1":{"loc":{"start":{"line":117,"column":8},"end":{"line":117,"column":62}},"type":"binary-expr","locations":[{"start":{"line":117,"column":8},"end":{"line":117,"column":14}},{"start":{"line":117,"column":18},"end":{"line":117,"column":62}}],"line":117},"2":{"loc":{"start":{"line":118,"column":8},"end":{"line":118,"column":32}},"type":"binary-expr","locations":[{"start":{"line":118,"column":8},"end":{"line":118,"column":16}},{"start":{"line":118,"column":20},"end":{"line":118,"column":32}}],"line":118},"3":{"loc":{"start":{"line":119,"column":8},"end":{"line":119,"column":28}},"type":"binary-expr","locations":[{"start":{"line":119,"column":8},"end":{"line":119,"column":14}},{"start":{"line":119,"column":18},"end":{"line":119,"column":28}}],"line":119},"4":{"loc":{"start":{"line":120,"column":8},"end":{"line":120,"column":70}},"type":"binary-expr","locations":[{"start":{"line":120,"column":8},"end":{"line":120,"column":31}},{"start":{"line":120,"column":35},"end":{"line":120,"column":70}}],"line":120},"5":{"loc":{"start":{"line":121,"column":8},"end":{"line":126,"column":5}},"type":"binary-expr","locations":[{"start":{"line":121,"column":9},"end":{"line":121,"column":18}},{"start":{"line":121,"column":22},"end":{"line":121,"column":30}},{"start":{"line":121,"column":35},"end":{"line":126,"column":5}}],"line":121},"6":{"loc":{"start":{"line":123,"column":12},"end":{"line":123,"column":52}},"type":"binary-expr","locations":[{"start":{"line":123,"column":12},"end":{"line":123,"column":20}},{"start":{"line":123,"column":24},"end":{"line":123,"column":52}}],"line":123},"7":{"loc":{"start":{"line":124,"column":12},"end":{"line":124,"column":54}},"type":"binary-expr","locations":[{"start":{"line":124,"column":12},"end":{"line":124,"column":21}},{"start":{"line":124,"column":25},"end":{"line":124,"column":54}}],"line":124},"8":{"loc":{"start":{"line":140,"column":2},"end":{"line":143,"column":3}},"type":"if","locations":[{"start":{"line":140,"column":2},"end":{"line":143,"column":3}},{"start":{},"end":{}}],"line":140},"9":{"loc":{"start":{"line":145,"column":2},"end":{"line":148,"column":3}},"type":"if","locations":[{"start":{"line":145,"column":2},"end":{"line":148,"column":3}},{"start":{},"end":{}}],"line":145},"10":{"loc":{"start":{"line":145,"column":6},"end":{"line":145,"column":43}},"type":"binary-expr","locations":[{"start":{"line":145,"column":6},"end":{"line":145,"column":29}},{"start":{"line":145,"column":33},"end":{"line":145,"column":43}}],"line":145},"11":{"loc":{"start":{"line":150,"column":2},"end":{"line":155,"column":3}},"type":"if","locations":[{"start":{"line":150,"column":2},"end":{"line":155,"column":3}},{"start":{},"end":{}}],"line":150},"12":{"loc":{"start":{"line":150,"column":6},"end":{"line":150,"column":32}},"type":"binary-expr","locations":[{"start":{"line":150,"column":6},"end":{"line":150,"column":18}},{"start":{"line":150,"column":22},"end":{"line":150,"column":32}}],"line":150},"13":{"loc":{"start":{"line":166,"column":2},"end":{"line":169,"column":3}},"type":"if","locations":[{"start":{"line":166,"column":2},"end":{"line":169,"column":3}},{"start":{},"end":{}}],"line":166},"14":{"loc":{"start":{"line":171,"column":2},"end":{"line":174,"column":3}},"type":"if","locations":[{"start":{"line":171,"column":2},"end":{"line":174,"column":3}},{"start":{},"end":{}}],"line":171}},"s":{"0":3,"1":3,"2":3,"3":3,"4":3,"5":2,"6":2,"7":2,"8":1,"9":1,"10":1,"11":2,"12":2,"13":3,"14":2,"15":2,"16":2,"17":2,"18":2,"19":2,"20":2,"21":3,"22":4,"23":4,"24":4,"25":1,"26":1,"27":3,"28":1,"29":1,"30":3,"31":1,"32":1,"33":1,"34":1,"35":3,"36":3,"37":3,"38":3,"39":3,"40":3,"41":3,"42":1,"43":1,"44":2,"45":1,"46":1,"47":2,"48":2},"f":{"0":2,"1":2,"2":4,"3":3},"b":{"0":[1,1],"1":[2,1],"2":[2,1],"3":[2,1],"4":[2,1],"5":[2,1,1],"6":[1,1],"7":[1,1],"8":[1,3],"9":[1,2],"10":[3,1],"11":[1,2],"12":[3,1],"13":[1,2],"14":[1,1]},"_coverageSchema":"1a1c01bbd47fc00a2c39e90264f33305004495a9","hash":"308ef627cf43b0b90666f1abbcc7efd544f850d7"}
,"C:\\Users\\makarthikreddy\\OneDrive - ALLEGIS GROUP\\Desktop\\Task-Manger-main\\backend\\src\\utils\\AppError.js": {"path":"C:\\Users\\makarthikreddy\\OneDrive - ALLEGIS GROUP\\Desktop\\Task-Manger-main\\backend\\src\\utils\\AppError.js","statementMap":{"0":{"start":{"line":3,"column":4},"end":{"line":3,"column":19}},"1":{"start":{"line":4,"column":4},"end":{"line":4,"column":33}},"2":{"start":{"line":5,"column":4},"end":{"line":5,"column":69}},"3":{"start":{"line":6,"column":4},"end":{"line":6,"column":30}},"4":{"start":{"line":8,"column":4},"end":{"line":8,"column":52}},"5":{"start":{"line":12,"column":0},"end":{"line":12,"column":26}}},"fnMap":{"0":{"name":"(anonymous_0)","decl":{"start":{"line":2,"column":2},"end":{"line":2,"column":3}},"loc":{"start":{"line":2,"column":35},"end":{"line":9,"column":3}},"line":2}},"branchMap":{"0":{"loc":{"start":{"line":5,"column":18},"end":{"line":5,"column":68}},"type":"cond-expr","locations":[{"start":{"line":5,"column":52},"end":{"line":5,"column":58}},{"start":{"line":5,"column":61},"end":{"line":5,"column":68}}],"line":5}},"s":{"0":23,"1":23,"2":23,"3":23,"4":23,"5":7},"f":{"0":23},"b":{"0":[23,0]},"_coverageSchema":"1a1c01bbd47fc00a2c39e90264f33305004495a9","hash":"2f2ef5c954f20898ebe68186d1ac5e9973936135"}
,"C:\\Users\\makarthikreddy\\OneDrive - ALLEGIS GROUP\\Desktop\\Task-Manger-main\\backend\\src\\validations\\auth.validation.js": {"path":"C:\\Users\\makarthikreddy\\OneDrive - ALLEGIS GROUP\\Desktop\\Task-Manger-main\\backend\\src\\validations\\auth.validation.js","statementMap":{"0":{"start":{"line":1,"column":12},"end":{"line":1,"column":26}},"1":{"start":{"line":3,"column":0},"end":{"line":17,"column":3}},"2":{"start":{"line":19,"column":0},"end":{"line":22,"column":3}}},"fnMap":{},"branchMap":{},"s":{"0":1,"1":1,"2":1},"f":{},"b":{},"_coverageSchema":"1a1c01bbd47fc00a2c39e90264f33305004495a9","hash":"e739b9dc70cd45673c2d6627ed00becce669d6c7"}
,"C:\\Users\\makarthikreddy\\OneDrive - ALLEGIS GROUP\\Desktop\\Task-Manger-main\\backend\\src\\validations\\task.validation.js": {"path":"C:\\Users\\makarthikreddy\\OneDrive - ALLEGIS GROUP\\Desktop\\Task-Manger-main\\backend\\src\\validations\\task.validation.js","statementMap":{"0":{"start":{"line":11,"column":12},"end":{"line":11,"column":26}},"1":{"start":{"line":13,"column":0},"end":{"line":25,"column":3}}},"fnMap":{},"branchMap":{},"s":{"0":1,"1":1},"f":{},"b":{},"_coverageSchema":"1a1c01bbd47fc00a2c39e90264f33305004495a9","hash":"2fc1233fecec72c37f3f2377690ec30b7d76f1fd"}
}
