TN:
SF:src\app.js
FNF:0
FNH:0
DA:1,1
DA:2,1
DA:3,1
DA:4,1
DA:6,1
DA:7,1
DA:8,1
DA:10,1
DA:12,1
DA:13,1
DA:14,1
DA:15,1
DA:17,1
DA:18,1
DA:20,1
DA:22,1
LF:16
LH:16
BRF:0
BRH:0
end_of_record
TN:
SF:src\config\agenda.js
FNF:0
FNH:0
DA:2,13
DA:4,13
DA:17,13
LF:3
LH:3
BRF:0
BRH:0
end_of_record
TN:
SF:src\config\logger.js
FN:21,(anonymous_0)
FNF:1
FNH:1
FNDA:87,(anonymous_0)
DA:1,6
DA:2,6
DA:3,6
DA:5,6
DA:6,6
DA:7,0
DA:10,6
DA:22,87
DA:23,87
LF:9
LH:8
BRDA:6,0,0,0
BRDA:6,0,1,6
BRDA:22,1,0,81
BRDA:22,1,1,6
BRF:4
BRH:3
end_of_record
TN:
SF:src\controllers\analytics.controller.js
FN:4,(anonymous_0)
FNF:1
FNH:1
FNDA:2,(anonymous_0)
DA:1,2
DA:2,2
DA:4,2
DA:5,2
DA:6,2
DA:7,2
DA:8,1
DA:10,1
DA:11,1
LF:9
LH:9
BRF:0
BRH:0
end_of_record
TN:
SF:src\controllers\auth.controller.js
FN:5,(anonymous_0)
FN:17,(anonymous_1)
FN:34,(anonymous_2)
FN:48,(anonymous_3)
FN:60,(anonymous_4)
FNF:5
FNH:5
FNDA:3,(anonymous_0)
FNDA:4,(anonymous_1)
FNDA:2,(anonymous_2)
FNDA:3,(anonymous_3)
FNDA:2,(anonymous_4)
DA:1,2
DA:2,2
DA:3,2
DA:5,2
DA:6,3
DA:7,3
DA:8,3
DA:9,2
DA:10,2
DA:12,1
DA:13,1
DA:17,2
DA:18,4
DA:19,4
DA:20,4
DA:21,1
DA:22,1
DA:29,3
DA:30,3
DA:34,2
DA:35,2
DA:36,2
DA:37,2
DA:38,2
DA:39,1
DA:40,1
DA:41,1
DA:43,1
DA:44,1
DA:48,2
DA:49,3
DA:50,3
DA:51,3
DA:52,1
DA:53,1
DA:55,2
DA:56,2
DA:60,2
DA:61,2
DA:62,2
DA:63,2
DA:64,2
DA:65,2
DA:66,1
DA:67,1
DA:68,1
DA:70,1
DA:71,1
LF:48
LH:48
BRDA:38,0,0,1
BRDA:38,0,1,1
BRDA:65,1,0,1
BRDA:65,1,1,1
BRF:4
BRH:4
end_of_record
TN:
SF:src\controllers\task.controller.js
FN:4,(anonymous_0)
FN:16,(anonymous_1)
FN:27,(anonymous_2)
FN:38,(anonymous_3)
FNF:4
FNH:4
FNDA:2,(anonymous_0)
FNDA:1,(anonymous_1)
FNDA:1,(anonymous_2)
FNDA:2,(anonymous_3)
DA:1,2
DA:2,2
DA:4,2
DA:5,2
DA:6,2
DA:7,2
DA:8,1
DA:9,1
DA:11,1
DA:12,1
DA:16,2
DA:17,1
DA:18,1
DA:19,1
DA:20,1
DA:22,0
DA:23,0
DA:27,2
DA:28,1
DA:29,1
DA:30,1
DA:31,1
DA:33,0
DA:34,0
DA:38,2
DA:39,2
DA:40,2
DA:41,2
DA:42,1
DA:43,1
DA:45,1
DA:46,1
LF:32
LH:28
BRF:0
BRH:0
end_of_record
TN:
SF:src\middleware\auth.middleware.js
FN:5,(anonymous_0)
FNF:1
FNH:1
FNDA:8,(anonymous_0)
DA:2,2
DA:3,2
DA:5,2
DA:7,8
DA:9,8
DA:10,2
DA:13,6
DA:15,6
DA:17,6
DA:19,1
DA:21,1
DA:25,5
LF:12
LH:12
BRDA:9,0,0,2
BRDA:9,0,1,6
BRF:2
BRH:2
end_of_record
TN:
SF:src\middleware\error.middleware.js
FN:3,(anonymous_0)
FNF:1
FNH:1
FNDA:13,(anonymous_0)
DA:1,2
DA:3,2
DA:4,13
DA:5,13
DA:7,13
DA:12,13
LF:6
LH:6
BRDA:4,0,0,13
BRDA:4,0,1,1
BRDA:5,1,0,13
BRDA:5,1,1,1
BRDA:14,2,0,12
BRDA:14,2,1,1
BRF:6
BRH:6
end_of_record
TN:
SF:src\middleware\role.middleware.js
FN:1,(anonymous_0)
FN:1,(anonymous_1)
FNF:2
FNH:2
FNDA:2,(anonymous_0)
FNDA:2,(anonymous_1)
DA:1,2
DA:2,2
DA:3,1
DA:4,1
LF:4
LH:4
BRDA:1,0,0,0
BRDA:2,1,0,1
BRDA:2,1,1,1
BRF:3
BRH:2
end_of_record
TN:
SF:src\middleware\validate.middleware.js
FN:3,(anonymous_0)
FN:3,(anonymous_1)
FNF:2
FNH:2
FNDA:5,(anonymous_0)
FNDA:5,(anonymous_1)
DA:1,2
DA:3,5
DA:4,5
DA:5,5
DA:6,1
DA:8,4
LF:6
LH:6
BRDA:5,0,0,1
BRDA:5,0,1,4
BRF:2
BRH:2
end_of_record
TN:
SF:src\models\task.model.js
FNF:0
FNH:0
DA:1,6
DA:3,6
LF:2
LH:2
BRF:0
BRH:0
end_of_record
TN:
SF:src\models\user.model.js
FN:24,(anonymous_0)
FN:30,(anonymous_1)
FNF:2
FNH:1
FNDA:8,(anonymous_0)
FNDA:0,(anonymous_1)
DA:1,4
DA:2,4
DA:11,4
DA:24,4
DA:25,8
DA:26,7
DA:27,7
DA:30,4
DA:31,0
DA:34,4
LF:10
LH:9
BRDA:25,0,0,1
BRDA:25,0,1,7
BRF:2
BRH:2
end_of_record
TN:
SF:src\routes\auth.routes.js
FNF:0
FNH:0
DA:1,1
DA:2,1
DA:3,1
DA:7,1
DA:9,1
DA:10,1
DA:11,1
DA:12,1
DA:14,1
DA:16,1
LF:10
LH:10
BRF:0
BRH:0
end_of_record
TN:
SF:src\routes\task.routes.js
FNF:0
FNH:0
DA:1,1
DA:2,1
DA:3,1
DA:4,1
DA:5,1
DA:6,1
DA:8,1
DA:10,1
DA:12,1
DA:14,1
DA:16,1
DA:18,1
DA:20,1
LF:13
LH:13
BRF:0
BRH:0
end_of_record
TN:
SF:src\services\analytics.service.js
FN:5,(anonymous_0)
FN:19,(anonymous_1)
FN:27,(anonymous_2)
FN:149,(anonymous_3)
FN:151,(anonymous_4)
FNF:5
FNH:4
FNDA:2,(anonymous_0)
FNDA:1,(anonymous_1)
FNDA:1,(anonymous_2)
FNDA:8,(anonymous_3)
FNDA:0,(anonymous_4)
DA:1,3
DA:2,3
DA:3,3
DA:5,3
DA:6,2
DA:7,2
DA:8,2
DA:9,2
DA:10,2
DA:11,2
DA:14,2
DA:18,2
DA:19,2
DA:22,2
DA:26,2
DA:27,2
DA:30,2
DA:41,2
DA:48,2
DA:54,2
DA:71,2
DA:76,2
DA:88,2
DA:106,2
DA:107,2
DA:125,2
DA:126,2
DA:127,2
DA:129,2
DA:148,2
DA:149,8
DA:151,0
DA:154,2
DA:156,2
LF:34
LH:33
BRDA:71,0,0,1
BRDA:71,0,1,1
BRDA:151,1,0,8
BRDA:151,1,1,8
BRF:4
BRH:4
end_of_record
TN:
SF:src\services\auth.service.js
FN:7,(anonymous_0)
FN:14,(anonymous_1)
FN:21,(anonymous_2)
FN:35,(anonymous_3)
FN:63,(anonymous_4)
FN:88,(anonymous_5)
FN:108,(anonymous_6)
FNF:7
FNH:7
FNDA:2,(anonymous_0)
FNDA:1,(anonymous_1)
FNDA:3,(anonymous_2)
FNDA:5,(anonymous_3)
FNDA:3,(anonymous_4)
FNDA:3,(anonymous_5)
FNDA:2,(anonymous_6)
DA:1,3
DA:2,3
DA:3,3
DA:4,3
DA:5,3
DA:7,3
DA:8,2
DA:14,3
DA:15,1
DA:21,3
DA:22,3
DA:24,3
DA:25,3
DA:26,1
DA:27,1
DA:30,2
DA:31,2
DA:32,2
DA:35,3
DA:36,5
DA:38,5
DA:39,5
DA:40,3
DA:41,3
DA:44,2
DA:45,2
DA:46,1
DA:47,1
DA:50,1
DA:51,1
DA:52,1
DA:53,1
DA:55,1
DA:56,1
DA:63,3
DA:64,3
DA:67,3
DA:68,3
DA:70,1
DA:71,1
DA:74,2
DA:75,2
DA:76,1
DA:77,1
DA:80,1
DA:81,1
DA:82,1
DA:88,3
DA:89,3
DA:91,3
DA:92,3
DA:93,2
DA:94,2
DA:97,1
DA:98,1
DA:100,1
DA:101,1
DA:102,1
DA:104,1
DA:105,1
DA:108,3
DA:109,2
DA:111,2
DA:113,2
DA:118,2
DA:119,1
DA:120,1
DA:123,1
DA:124,1
DA:125,1
DA:126,1
DA:128,1
DA:129,1
LF:73
LH:73
BRDA:25,0,0,1
BRDA:25,0,1,2
BRDA:39,1,0,3
BRDA:39,1,1,2
BRDA:45,2,0,1
BRDA:45,2,1,1
BRDA:75,3,0,1
BRDA:75,3,1,1
BRDA:75,4,0,2
BRDA:75,4,1,2
BRDA:92,5,0,2
BRDA:92,5,1,1
BRDA:118,6,0,1
BRDA:118,6,1,1
BRF:14
BRH:14
end_of_record
TN:
SF:src\services\mail.service.js
FN:12,(anonymous_0)
FN:33,(anonymous_1)
FNF:2
FNH:2
FNDA:2,(anonymous_0)
FNDA:1,(anonymous_1)
DA:1,1
DA:2,1
DA:4,1
DA:12,1
DA:13,2
DA:14,2
DA:15,2
DA:25,1
DA:26,1
DA:28,1
DA:29,1
DA:33,1
DA:34,1
DA:35,1
DA:36,1
DA:47,1
DA:48,1
DA:50,0
DA:51,0
LF:19
LH:17
BRF:0
BRH:0
end_of_record
TN:
SF:src\services\task.service.js
FN:96,(anonymous_0)
FN:110,(anonymous_1)
FN:136,(anonymous_2)
FN:162,(anonymous_3)
FNF:4
FNH:4
FNDA:2,(anonymous_0)
FNDA:2,(anonymous_1)
FNDA:4,(anonymous_2)
FNDA:3,(anonymous_3)
DA:91,3
DA:92,3
DA:93,3
DA:94,3
DA:96,3
DA:97,2
DA:98,2
DA:100,2
DA:101,1
DA:102,1
DA:103,1
DA:106,2
DA:107,2
DA:110,3
DA:111,2
DA:113,2
DA:115,2
DA:129,2
DA:130,2
DA:132,2
DA:133,2
DA:136,3
DA:137,4
DA:138,4
DA:140,4
DA:141,1
DA:142,1
DA:145,3
DA:146,1
DA:147,1
DA:150,3
DA:151,1
DA:152,1
DA:153,1
DA:154,1
DA:157,3
DA:158,3
DA:159,3
DA:162,3
DA:163,3
DA:164,3
DA:166,3
DA:167,1
DA:168,1
DA:171,2
DA:172,1
DA:173,1
DA:176,2
DA:177,2
LF:49
LH:49
BRDA:100,0,0,1
BRDA:100,0,1,1
BRDA:117,1,0,2
BRDA:117,1,1,1
BRDA:118,2,0,2
BRDA:118,2,1,1
BRDA:119,3,0,2
BRDA:119,3,1,1
BRDA:120,4,0,2
BRDA:120,4,1,1
BRDA:121,5,0,2
BRDA:121,5,1,1
BRDA:121,5,2,1
BRDA:123,6,0,1
BRDA:123,6,1,1
BRDA:124,7,0,1
BRDA:124,7,1,1
BRDA:140,8,0,1
BRDA:140,8,1,3
BRDA:145,9,0,1
BRDA:145,9,1,2
BRDA:145,10,0,3
BRDA:145,10,1,1
BRDA:150,11,0,1
BRDA:150,11,1,2
BRDA:150,12,0,3
BRDA:150,12,1,1
BRDA:166,13,0,1
BRDA:166,13,1,2
BRDA:171,14,0,1
BRDA:171,14,1,1
BRF:31
BRH:31
end_of_record
TN:
SF:src\utils\AppError.js
FN:2,(anonymous_0)
FNF:1
FNH:1
FNDA:23,(anonymous_0)
DA:3,23
DA:4,23
DA:5,23
DA:6,23
DA:8,23
DA:12,7
LF:6
LH:6
BRDA:5,0,0,23
BRDA:5,0,1,0
BRF:2
BRH:1
end_of_record
TN:
SF:src\validations\auth.validation.js
FNF:0
FNH:0
DA:1,1
DA:3,1
DA:19,1
LF:3
LH:3
BRF:0
BRH:0
end_of_record
TN:
SF:src\validations\task.validation.js
FNF:0
FNH:0
DA:11,1
DA:13,1
LF:2
LH:2
BRF:0
BRH:0
end_of_record
